Parse-Starter-Project-1.13.0/ParseStarterProject/build/outputs/logs/manifest-merger-debug-report.txt
-- Merging decision tree log ---
manifest
ADDED from src/main/AndroidManifest.xml:9:1-57:12
	xmlns:tools
		ADDED from src/main/AndroidManifest.xml:10:5-51
	xmlns:android
		ADDED from src/main/AndroidManifest.xml:9:11-69
	package
		ADDED from src/main/AndroidManifest.xml:11:5-32
		INJECTED from src/main/AndroidManifest.xml
		INJECTED from src/main/AndroidManifest.xml
	android:versionName
		INJECTED from src/main/AndroidManifest.xml
		INJECTED from src/main/AndroidManifest.xml
	android:versionCode
		INJECTED from src/main/AndroidManifest.xml
		INJECTED from src/main/AndroidManifest.xml
uses-permission#android.permission.INTERNET
ADDED from src/main/AndroidManifest.xml:13:5-67
MERGED from [com.twitter.sdk.android:tweet-composer:1.0.3] AndroidManifest.xml:25:5-67
MERGED from [io.fabric.sdk.android:fabric:1.3.10] AndroidManifest.xml:25:5-67
MERGED from [io.fabric.sdk.android:fabric:1.3.10] AndroidManifest.xml:25:5-67
MERGED from [com.twitter.sdk.android:twitter-core:1.6.5] AndroidManifest.xml:25:5-67
MERGED from [io.fabric.sdk.android:fabric:1.3.10] AndroidManifest.xml:25:5-67
MERGED from [com.twitter.sdk.android:tweet-ui:1.10.0] AndroidManifest.xml:25:5-67
MERGED from [io.fabric.sdk.android:fabric:1.3.10] AndroidManifest.xml:25:5-67
MERGED from [com.twitter.sdk.android:twitter-core:1.6.5] AndroidManifest.xml:25:5-67
MERGED from [io.fabric.sdk.android:fabric:1.3.10] AndroidManifest.xml:25:5-67
MERGED from [com.digits.sdk.android:digits:1.10.0] AndroidManifest.xml:25:5-67
MERGED from [io.fabric.sdk.android:fabric:1.3.10] AndroidManifest.xml:25:5-67
MERGED from [com.twitter.sdk.android:twitter-core:1.6.5] AndroidManifest.xml:25:5-67
MERGED from [io.fabric.sdk.android:fabric:1.3.10] AndroidManifest.xml:25:5-67
	android:name
		ADDED from src/main/AndroidManifest.xml:13:22-64
uses-permission#android.permission.ACCESS_NETWORK_STATE
ADDED from src/main/AndroidManifest.xml:14:5-79
	android:name
		ADDED from src/main/AndroidManifest.xml:14:22-76
application
ADDED from src/main/AndroidManifest.xml:16:5-55:19
MERGED from [com.android.support:appcompat-v7:22.2.1] AndroidManifest.xml:22:5-20
MERGED from [com.android.support:support-v4:23.2.0] AndroidManifest.xml:22:5-20
MERGED from [com.android.support:support-v4:23.2.0] AndroidManifest.xml:22:5-20
MERGED from [com.android.support:cardview-v7:23.2.0] AndroidManifest.xml:22:5-20
MERGED from [com.github.kikoso:SwipeableCards:1.1-RELEASE] AndroidManifest.xml:11:5-14:19
MERGED from [com.facebook.android:facebook-android-sdk:4.10.0] AndroidManifest.xml:28:5-20
MERGED from [com.android.support:support-v4:23.2.0] AndroidManifest.xml:22:5-20
MERGED from [com.android.support:cardview-v7:23.2.0] AndroidManifest.xml:22:5-20
MERGED from [com.android.support:design:22.2.1] AndroidManifest.xml:22:5-20
MERGED from [com.android.support:appcompat-v7:22.2.1] AndroidManifest.xml:22:5-20
MERGED from [com.android.support:support-v4:23.2.0] AndroidManifest.xml:22:5-20
MERGED from [com.android.support:support-v4:23.2.0] AndroidManifest.xml:22:5-20
MERGED from [com.twitter.sdk.android:twitter:1.13.0] AndroidManifest.xml:25:5-20
MERGED from [com.twitter.sdk.android:tweet-composer:1.0.3] AndroidManifest.xml:27:5-37:19
MERGED from [io.fabric.sdk.android:fabric:1.3.10] AndroidManifest.xml:27:5-20
MERGED from [io.fabric.sdk.android:fabric:1.3.10] AndroidManifest.xml:27:5-20
MERGED from [com.twitter.sdk.android:twitter-core:1.6.5] AndroidManifest.xml:27:5-40:19
MERGED from [io.fabric.sdk.android:fabric:1.3.10] AndroidManifest.xml:27:5-20
MERGED from [com.twitter.sdk.android:tweet-ui:1.10.0] AndroidManifest.xml:27:5-35:19
MERGED from [io.fabric.sdk.android:fabric:1.3.10] AndroidManifest.xml:27:5-20
MERGED from [com.android.support:support-v4:23.2.0] AndroidManifest.xml:22:5-20
MERGED from [com.twitter.sdk.android:twitter-core:1.6.5] AndroidManifest.xml:27:5-40:19
MERGED from [io.fabric.sdk.android:fabric:1.3.10] AndroidManifest.xml:27:5-20
MERGED from [com.digits.sdk.android:digits:1.10.0] AndroidManifest.xml:27:5-111:19
MERGED from [io.fabric.sdk.android:fabric:1.3.10] AndroidManifest.xml:27:5-20
MERGED from [com.twitter.sdk.android:twitter-core:1.6.5] AndroidManifest.xml:27:5-40:19
MERGED from [io.fabric.sdk.android:fabric:1.3.10] AndroidManifest.xml:27:5-20
	android:label
		ADDED from src/main/AndroidManifest.xml:20:9-41
	android:allowBackup
		ADDED from src/main/AndroidManifest.xml:18:9-35
	android:icon
		ADDED from src/main/AndroidManifest.xml:19:9-43
		REJECTED from [com.github.kikoso:SwipeableCards:1.1-RELEASE] AndroidManifest.xml:12:9-45
	android:theme
		ADDED from src/main/AndroidManifest.xml:21:9-40
	tools:replace
		ADDED from src/main/AndroidManifest.xml:22:9-37
	android:name
		ADDED from src/main/AndroidManifest.xml:17:9-43
meta-data#com.parse.APPLICATION_ID
ADDED from src/main/AndroidManifest.xml:23:9-25:52
	android:name
		ADDED from src/main/AndroidManifest.xml:24:13-52
	android:value
		ADDED from src/main/AndroidManifest.xml:25:13-49
meta-data#com.parse.CLIENT_KEY
ADDED from src/main/AndroidManifest.xml:26:9-28:56
	android:name
		ADDED from src/main/AndroidManifest.xml:27:13-48
	android:value
		ADDED from src/main/AndroidManifest.xml:28:13-53
meta-data#com.facebook.sdk.ApplicationId
ADDED from src/main/AndroidManifest.xml:29:9-31:55
	android:name
		ADDED from src/main/AndroidManifest.xml:30:13-58
	android:value
		ADDED from src/main/AndroidManifest.xml:31:13-52
activity#com.parse.starter.MainActivity
ADDED from src/main/AndroidManifest.xml:33:9-37:20
	android:label
		ADDED from src/main/AndroidManifest.xml:35:13-45
	android:name
		ADDED from src/main/AndroidManifest.xml:34:13-41
activity#com.parse.starter.MyActivity
ADDED from src/main/AndroidManifest.xml:38:9-48
	android:name
		ADDED from src/main/AndroidManifest.xml:38:19-45
activity#com.facebook.FacebookActivity
ADDED from src/main/AndroidManifest.xml:39:9-43:75
	android:label
		ADDED from src/main/AndroidManifest.xml:42:13-45
	android:configChanges
		ADDED from src/main/AndroidManifest.xml:41:13-96
	android:theme
		ADDED from src/main/AndroidManifest.xml:43:13-72
	android:name
		ADDED from src/main/AndroidManifest.xml:40:13-57
activity#com.parse.starter.login
ADDED from src/main/AndroidManifest.xml:44:9-51:20
	android:name
		ADDED from src/main/AndroidManifest.xml:44:19-40
intent-filter#android.intent.action.MAIN+android.intent.category.LAUNCHER
ADDED from src/main/AndroidManifest.xml:45:13-49:29
action#android.intent.action.MAIN
ADDED from src/main/AndroidManifest.xml:46:17-69
	android:name
		ADDED from src/main/AndroidManifest.xml:46:25-66
category#android.intent.category.LAUNCHER
ADDED from src/main/AndroidManifest.xml:48:17-77
	android:name
		ADDED from src/main/AndroidManifest.xml:48:27-74
meta-data#io.fabric.ApiKey
ADDED from src/main/AndroidManifest.xml:52:9-54:72
	android:name
		ADDED from src/main/AndroidManifest.xml:53:13-44
	android:value
		ADDED from src/main/AndroidManifest.xml:54:13-69
uses-sdk
INJECTED from src/main/AndroidManifest.xml reason: use-sdk injection requested
MERGED from [com.android.support:appcompat-v7:22.2.1] AndroidManifest.xml:20:5-43
MERGED from [com.android.support:support-v4:23.2.0] AndroidManifest.xml:20:5-43
MERGED from [com.android.support:recyclerview-v7:22.2.1] AndroidManifest.xml:20:5-43
MERGED from [com.android.support:support-v4:23.2.0] AndroidManifest.xml:20:5-43
MERGED from [com.android.support:cardview-v7:23.2.0] AndroidManifest.xml:20:5-43
MERGED from [com.github.kikoso:SwipeableCards:1.1-RELEASE] AndroidManifest.xml:7:5-9:41
MERGED from [com.facebook.android:facebook-android-sdk:4.10.0] AndroidManifest.xml:24:5-26:41
MERGED from [com.android.support:support-v4:23.2.0] AndroidManifest.xml:20:5-43
MERGED from [com.android.support:cardview-v7:23.2.0] AndroidManifest.xml:20:5-43
MERGED from [com.android.support:design:22.2.1] AndroidManifest.xml:20:5-43
MERGED from [com.android.support:appcompat-v7:22.2.1] AndroidManifest.xml:20:5-43
MERGED from [com.android.support:support-v4:23.2.0] AndroidManifest.xml:20:5-43
MERGED from [com.android.support:support-v4:23.2.0] AndroidManifest.xml:20:5-43
MERGED from [com.twitter.sdk.android:twitter:1.13.0] AndroidManifest.xml:23:5-43
MERGED from [com.twitter.sdk.android:tweet-composer:1.0.3] AndroidManifest.xml:23:5-43
MERGED from [io.fabric.sdk.android:fabric:1.3.10] AndroidManifest.xml:23:5-43
MERGED from [io.fabric.sdk.android:fabric:1.3.10] AndroidManifest.xml:23:5-43
MERGED from [com.twitter.sdk.android:twitter-core:1.6.5] AndroidManifest.xml:23:5-43
MERGED from [io.fabric.sdk.android:fabric:1.3.10] AndroidManifest.xml:23:5-43
MERGED from [com.twitter.sdk.android:tweet-ui:1.10.0] AndroidManifest.xml:23:5-43
MERGED from [io.fabric.sdk.android:fabric:1.3.10] AndroidManifest.xml:23:5-43
MERGED from [com.android.support:support-v4:23.2.0] AndroidManifest.xml:20:5-43
MERGED from [com.twitter.sdk.android:twitter-core:1.6.5] AndroidManifest.xml:23:5-43
MERGED from [io.fabric.sdk.android:fabric:1.3.10] AndroidManifest.xml:23:5-43
MERGED from [com.digits.sdk.android:digits:1.10.0] AndroidManifest.xml:23:5-43
MERGED from [io.fabric.sdk.android:fabric:1.3.10] AndroidManifest.xml:23:5-43
MERGED from [com.twitter.sdk.android:twitter-core:1.6.5] AndroidManifest.xml:23:5-43
MERGED from [io.fabric.sdk.android:fabric:1.3.10] AndroidManifest.xml:23:5-43
	android:targetSdkVersion
		INJECTED from src/main/AndroidManifest.xml
		INJECTED from src/main/AndroidManifest.xml
	android:minSdkVersion
		INJECTED from src/main/AndroidManifest.xml
		INJECTED from src/main/AndroidManifest.xml
activity#com.twitter.sdk.android.tweetcomposer.ComposerActivity
ADDED from [com.twitter.sdk.android:tweet-composer:1.0.3] AndroidManifest.xml:28:9-31:71
	android:windowSoftInputMode
		ADDED from [com.twitter.sdk.android:tweet-composer:1.0.3] AndroidManifest.xml:31:13-68
	android:exported
		ADDED from [com.twitter.sdk.android:tweet-composer:1.0.3] AndroidManifest.xml:30:13-37
	android:name
		ADDED from [com.twitter.sdk.android:tweet-composer:1.0.3] AndroidManifest.xml:29:13-82
service#com.twitter.sdk.android.tweetcomposer.TweetUploadService
ADDED from [com.twitter.sdk.android:tweet-composer:1.0.3] AndroidManifest.xml:33:9-36:40
	android:exported
		ADDED from [com.twitter.sdk.android:tweet-composer:1.0.3] AndroidManifest.xml:36:13-37
	android:enabled
		ADDED from [com.twitter.sdk.android:tweet-composer:1.0.3] AndroidManifest.xml:35:13-35
	android:name
		ADDED from [com.twitter.sdk.android:tweet-composer:1.0.3] AndroidManifest.xml:34:13-84
activity#com.twitter.sdk.android.core.identity.OAuthActivity
ADDED from [com.twitter.sdk.android:twitter-core:1.6.5] AndroidManifest.xml:28:9-32:40
MERGED from [com.twitter.sdk.android:twitter-core:1.6.5] AndroidManifest.xml:28:9-32:40
MERGED from [com.twitter.sdk.android:twitter-core:1.6.5] AndroidManifest.xml:28:9-32:40
	android:configChanges
		ADDED from [com.twitter.sdk.android:twitter-core:1.6.5] AndroidManifest.xml:30:13-59
	android:exported
		ADDED from [com.twitter.sdk.android:twitter-core:1.6.5] AndroidManifest.xml:32:13-37
	android:excludeFromRecents
		ADDED from [com.twitter.sdk.android:twitter-core:1.6.5] AndroidManifest.xml:31:13-46
	android:name
		ADDED from [com.twitter.sdk.android:twitter-core:1.6.5] AndroidManifest.xml:29:13-79
activity#com.twitter.sdk.android.core.identity.ShareEmailActivity
ADDED from [com.twitter.sdk.android:twitter-core:1.6.5] AndroidManifest.xml:33:9-39:48
MERGED from [com.twitter.sdk.android:twitter-core:1.6.5] AndroidManifest.xml:33:9-39:48
MERGED from [com.twitter.sdk.android:twitter-core:1.6.5] AndroidManifest.xml:33:9-39:48
	android:label
		ADDED from [com.twitter.sdk.android:twitter-core:1.6.5] AndroidManifest.xml:39:13-45
	android:icon
		ADDED from [com.twitter.sdk.android:twitter-core:1.6.5] AndroidManifest.xml:38:13-53
	android:configChanges
		ADDED from [com.twitter.sdk.android:twitter-core:1.6.5] AndroidManifest.xml:35:13-59
	android:exported
		ADDED from [com.twitter.sdk.android:twitter-core:1.6.5] AndroidManifest.xml:37:13-37
	android:excludeFromRecents
		ADDED from [com.twitter.sdk.android:twitter-core:1.6.5] AndroidManifest.xml:36:13-46
	android:name
		ADDED from [com.twitter.sdk.android:twitter-core:1.6.5] AndroidManifest.xml:34:13-84
activity#com.twitter.sdk.android.tweetui.PlayerActivity
ADDED from [com.twitter.sdk.android:tweet-ui:1.10.0] AndroidManifest.xml:28:9-31:49
	android:configChanges
		ADDED from [com.twitter.sdk.android:tweet-ui:1.10.0] AndroidManifest.xml:30:13-74
	android:theme
		ADDED from [com.twitter.sdk.android:tweet-ui:1.10.0] AndroidManifest.xml:31:13-46
	android:name
		ADDED from [com.twitter.sdk.android:tweet-ui:1.10.0] AndroidManifest.xml:29:13-74
activity#com.twitter.sdk.android.tweetui.GalleryActivity
ADDED from [com.twitter.sdk.android:tweet-ui:1.10.0] AndroidManifest.xml:32:9-34:49
	android:theme
		ADDED from [com.twitter.sdk.android:tweet-ui:1.10.0] AndroidManifest.xml:34:13-46
	android:name
		ADDED from [com.twitter.sdk.android:tweet-ui:1.10.0] AndroidManifest.xml:33:13-75
activity#com.digits.sdk.android.PhoneNumberActivity
ADDED from [com.digits.sdk.android:digits:1.10.0] AndroidManifest.xml:28:9-33:58
	android:windowSoftInputMode
		ADDED from [com.digits.sdk.android:digits:1.10.0] AndroidManifest.xml:33:13-55
	android:configChanges
		ADDED from [com.digits.sdk.android:digits:1.10.0] AndroidManifest.xml:30:13-59
	android:exported
		ADDED from [com.digits.sdk.android:digits:1.10.0] AndroidManifest.xml:31:13-37
	android:taskAffinity
		ADDED from [com.digits.sdk.android:digits:1.10.0] AndroidManifest.xml:32:13-58
	android:name
		ADDED from [com.digits.sdk.android:digits:1.10.0] AndroidManifest.xml:29:13-70
activity#com.digits.sdk.android.ConfirmationCodeActivity
ADDED from [com.digits.sdk.android:digits:1.10.0] AndroidManifest.xml:34:9-39:58
	android:windowSoftInputMode
		ADDED from [com.digits.sdk.android:digits:1.10.0] AndroidManifest.xml:39:13-55
	android:configChanges
		ADDED from [com.digits.sdk.android:digits:1.10.0] AndroidManifest.xml:36:13-59
	android:exported
		ADDED from [com.digits.sdk.android:digits:1.10.0] AndroidManifest.xml:37:13-37
	android:taskAffinity
		ADDED from [com.digits.sdk.android:digits:1.10.0] AndroidManifest.xml:38:13-58
	android:name
		ADDED from [com.digits.sdk.android:digits:1.10.0] AndroidManifest.xml:35:13-75
activity#com.digits.sdk.android.LoginCodeActivity
ADDED from [com.digits.sdk.android:digits:1.10.0] AndroidManifest.xml:40:9-45:58
	android:windowSoftInputMode
		ADDED from [com.digits.sdk.android:digits:1.10.0] AndroidManifest.xml:45:13-55
	android:configChanges
		ADDED from [com.digits.sdk.android:digits:1.10.0] AndroidManifest.xml:42:13-59
	android:exported
		ADDED from [com.digits.sdk.android:digits:1.10.0] AndroidManifest.xml:43:13-37
	android:taskAffinity
		ADDED from [com.digits.sdk.android:digits:1.10.0] AndroidManifest.xml:44:13-58
	android:name
		ADDED from [com.digits.sdk.android:digits:1.10.0] AndroidManifest.xml:41:13-68
activity#com.digits.sdk.android.PinCodeActivity
ADDED from [com.digits.sdk.android:digits:1.10.0] AndroidManifest.xml:46:9-51:58
	android:windowSoftInputMode
		ADDED from [com.digits.sdk.android:digits:1.10.0] AndroidManifest.xml:51:13-55
	android:configChanges
		ADDED from [com.digits.sdk.android:digits:1.10.0] AndroidManifest.xml:48:13-59
	android:exported
		ADDED from [com.digits.sdk.android:digits:1.10.0] AndroidManifest.xml:49:13-37
	android:taskAffinity
		ADDED from [com.digits.sdk.android:digits:1.10.0] AndroidManifest.xml:50:13-58
	android:name
		ADDED from [com.digits.sdk.android:digits:1.10.0] AndroidManifest.xml:47:13-66
activity#com.digits.sdk.android.FailureActivity
ADDED from [com.digits.sdk.android:digits:1.10.0] AndroidManifest.xml:52:9-56:61
	android:configChanges
		ADDED from [com.digits.sdk.android:digits:1.10.0] AndroidManifest.xml:54:13-59
	android:exported
		ADDED from [com.digits.sdk.android:digits:1.10.0] AndroidManifest.xml:55:13-37
	android:taskAffinity
		ADDED from [com.digits.sdk.android:digits:1.10.0] AndroidManifest.xml:56:13-58
	android:name
		ADDED from [com.digits.sdk.android:digits:1.10.0] AndroidManifest.xml:53:13-66
activity#com.digits.sdk.android.ContactsActivity
ADDED from [com.digits.sdk.android:digits:1.10.0] AndroidManifest.xml:57:9-60:40
	android:configChanges
		ADDED from [com.digits.sdk.android:digits:1.10.0] AndroidManifest.xml:59:13-59
	android:exported
		ADDED from [com.digits.sdk.android:digits:1.10.0] AndroidManifest.xml:60:13-37
	android:name
		ADDED from [com.digits.sdk.android:digits:1.10.0] AndroidManifest.xml:58:13-67
activity#com.digits.sdk.android.EmailRequestActivity
ADDED from [com.digits.sdk.android:digits:1.10.0] AndroidManifest.xml:61:9-66:58
	android:windowSoftInputMode
		ADDED from [com.digits.sdk.android:digits:1.10.0] AndroidManifest.xml:66:13-55
	android:configChanges
		ADDED from [com.digits.sdk.android:digits:1.10.0] AndroidManifest.xml:63:13-59
	android:exported
		ADDED from [com.digits.sdk.android:digits:1.10.0] AndroidManifest.xml:64:13-37
	android:taskAffinity
		ADDED from [com.digits.sdk.android:digits:1.10.0] AndroidManifest.xml:65:13-58
	android:name
		ADDED from [com.digits.sdk.android:digits:1.10.0] AndroidManifest.xml:62:13-71
activity#com.digits.sdk.android.PhoneNumberActionBarActivity
ADDED from [com.digits.sdk.android:digits:1.10.0] AndroidManifest.xml:67:9-72:58
	android:windowSoftInputMode
		ADDED from [com.digits.sdk.android:digits:1.10.0] AndroidManifest.xml:72:13-55
	android:configChanges
		ADDED from [com.digits.sdk.android:digits:1.10.0] AndroidManifest.xml:69:13-59
	android:exported
		ADDED from [com.digits.sdk.android:digits:1.10.0] AndroidManifest.xml:70:13-37
	android:taskAffinity
		ADDED from [com.digits.sdk.android:digits:1.10.0] AndroidManifest.xml:71:13-58
	android:name
		ADDED from [com.digits.sdk.android:digits:1.10.0] AndroidManifest.xml:68:13-79
activity#com.digits.sdk.android.ConfirmationCodeActionBarActivity
ADDED from [com.digits.sdk.android:digits:1.10.0] AndroidManifest.xml:73:9-78:58
	android:windowSoftInputMode
		ADDED from [com.digits.sdk.android:digits:1.10.0] AndroidManifest.xml:78:13-55
	android:configChanges
		ADDED from [com.digits.sdk.android:digits:1.10.0] AndroidManifest.xml:75:13-59
	android:exported
		ADDED from [com.digits.sdk.android:digits:1.10.0] AndroidManifest.xml:76:13-37
	android:taskAffinity
		ADDED from [com.digits.sdk.android:digits:1.10.0] AndroidManifest.xml:77:13-58
	android:name
		ADDED from [com.digits.sdk.android:digits:1.10.0] AndroidManifest.xml:74:13-84
activity#com.digits.sdk.android.LoginCodeActionBarActivity
ADDED from [com.digits.sdk.android:digits:1.10.0] AndroidManifest.xml:79:9-84:58
	android:windowSoftInputMode
		ADDED from [com.digits.sdk.android:digits:1.10.0] AndroidManifest.xml:84:13-55
	android:configChanges
		ADDED from [com.digits.sdk.android:digits:1.10.0] AndroidManifest.xml:81:13-59
	android:exported
		ADDED from [com.digits.sdk.android:digits:1.10.0] AndroidManifest.xml:82:13-37
	android:taskAffinity
		ADDED from [com.digits.sdk.android:digits:1.10.0] AndroidManifest.xml:83:13-58
	android:name
		ADDED from [com.digits.sdk.android:digits:1.10.0] AndroidManifest.xml:80:13-77
activity#com.digits.sdk.android.FailureActionBarActivity
ADDED from [com.digits.sdk.android:digits:1.10.0] AndroidManifest.xml:85:9-89:61
	android:configChanges
		ADDED from [com.digits.sdk.android:digits:1.10.0] AndroidManifest.xml:87:13-59
	android:exported
		ADDED from [com.digits.sdk.android:digits:1.10.0] AndroidManifest.xml:88:13-37
	android:taskAffinity
		ADDED from [com.digits.sdk.android:digits:1.10.0] AndroidManifest.xml:89:13-58
	android:name
		ADDED from [com.digits.sdk.android:digits:1.10.0] AndroidManifest.xml:86:13-75
activity#com.digits.sdk.android.ContactsActionBarActivity
ADDED from [com.digits.sdk.android:digits:1.10.0] AndroidManifest.xml:90:9-93:40
	android:configChanges
		ADDED from [com.digits.sdk.android:digits:1.10.0] AndroidManifest.xml:92:13-59
	android:exported
		ADDED from [com.digits.sdk.android:digits:1.10.0] AndroidManifest.xml:93:13-37
	android:name
		ADDED from [com.digits.sdk.android:digits:1.10.0] AndroidManifest.xml:91:13-76
activity#com.digits.sdk.android.PinCodeActionBarActivity
ADDED from [com.digits.sdk.android:digits:1.10.0] AndroidManifest.xml:94:9-99:58
	android:windowSoftInputMode
		ADDED from [com.digits.sdk.android:digits:1.10.0] AndroidManifest.xml:99:13-55
	android:configChanges
		ADDED from [com.digits.sdk.android:digits:1.10.0] AndroidManifest.xml:96:13-59
	android:exported
		ADDED from [com.digits.sdk.android:digits:1.10.0] AndroidManifest.xml:97:13-37
	android:taskAffinity
		ADDED from [com.digits.sdk.android:digits:1.10.0] AndroidManifest.xml:98:13-58
	android:name
		ADDED from [com.digits.sdk.android:digits:1.10.0] AndroidManifest.xml:95:13-75
activity#com.digits.sdk.android.EmailRequestActionBarActivity
ADDED from [com.digits.sdk.android:digits:1.10.0] AndroidManifest.xml:100:9-105:58
	android:windowSoftInputMode
		ADDED from [com.digits.sdk.android:digits:1.10.0] AndroidManifest.xml:105:13-55
	android:configChanges
		ADDED from [com.digits.sdk.android:digits:1.10.0] AndroidManifest.xml:102:13-59
	android:exported
		ADDED from [com.digits.sdk.android:digits:1.10.0] AndroidManifest.xml:103:13-37
	android:taskAffinity
		ADDED from [com.digits.sdk.android:digits:1.10.0] AndroidManifest.xml:104:13-58
	android:name
		ADDED from [com.digits.sdk.android:digits:1.10.0] AndroidManifest.xml:101:13-80
service#com.digits.sdk.android.ContactsUploadService
ADDED from [com.digits.sdk.android:digits:1.10.0] AndroidManifest.xml:107:9-110:40
	android:exported
		ADDED from [com.digits.sdk.android:digits:1.10.0] AndroidManifest.xml:110:13-37
	android:enabled
		ADDED from [com.digits.sdk.android:digits:1.10.0] AndroidManifest.xml:109:13-35
	android:name
		ADDED from [com.digits.sdk.android:digits:1.10.0] AndroidManifest.xml:108:13-72